<?xml version="1.0" encoding="UTF-8"?>
<!-- Generated by org.testng.reporters.JUnitXMLReporter -->
<testsuite ignored="2" hostname="LTIN425663" failures="0" tests="4" name="Test" time="19.462" errors="0" timestamp="2023-09-14T17:22:55 IST">
  <testcase classname="com.testrunner.HomePageTest" name="EnteringDetailsTest" time="3.396"/>
  <testcase classname="com.testrunner.HomePageTest" name="CheapestFlightTest" time="7.781"/>
  <testcase classname="com.testrunner.HomePageTest" name="BookingFlightTest" time="3.632"/>
  <testcase classname="com.testrunner.OffersPageTest" name="OfferDetailsTest" time="4.613"/>
  <testcase classname="com.baseclass.BaseClass" name="@BeforeSuite startingBrowser" time="0.0">
    <ignored/>
  </testcase> <!-- @BeforeSuite startingBrowser -->
  <testcase classname="com.baseclass.BaseClass" name="@AfterSuite tearDown" time="0.0">
    <ignored/>
  </testcase> <!-- @AfterSuite tearDown -->
</testsuite> <!-- Test -->
