<?xml version="1.0" encoding="UTF-8"?>
<testng-results ignored="0" total="1" passed="1" failed="0" skipped="0">
  <reporter-output>
  </reporter-output>
  <suite started-at="2023-09-17T02:05:13 IST" name="Suite" finished-at="2023-09-17T02:05:24 IST" duration-ms="10248">
    <groups>
    </groups>
    <test started-at="2023-09-17T02:05:13 IST" name="Test" finished-at="2023-09-17T02:05:24 IST" duration-ms="10248">
      <class name="com.testrunner.TrainBookingTest">
        <test-method is-config="true" signature="startingBrowser(java.lang.String,java.lang.String)[pri:0, instance:com.testrunner.TrainBookingTest@5542c4ed]" started-at="2023-09-17T02:05:07 IST" name="startingBrowser" finished-at="2023-09-17T02:05:13 IST" duration-ms="6671" status="PASS">
          <params>
            <param index="0">
              <value>
                <![CDATA[edge]]>
              </value>
            </param>
            <param index="1">
              <value>
                <![CDATA[https://www.ixigo.com/]]>
              </value>
            </param>
          </params>
          <reporter-output>
          </reporter-output>
        </test-method> <!-- startingBrowser -->
        <test-method signature="srcAnddestSettingTest()[pri:0, instance:com.testrunner.TrainBookingTest@5542c4ed]" started-at="2023-09-17T02:05:14 IST" name="srcAnddestSettingTest" finished-at="2023-09-17T02:05:24 IST" duration-ms="10228" status="PASS">
          <reporter-output>
          </reporter-output>
        </test-method> <!-- srcAnddestSettingTest -->
        <test-method is-config="true" signature="tearDown()[pri:0, instance:com.testrunner.TrainBookingTest@5542c4ed]" started-at="2023-09-17T02:05:24 IST" name="tearDown" finished-at="2023-09-17T02:05:24 IST" duration-ms="208" status="PASS">
          <reporter-output>
          </reporter-output>
        </test-method> <!-- tearDown -->
      </class> <!-- com.testrunner.TrainBookingTest -->
    </test> <!-- Test -->
  </suite> <!-- Suite -->
</testng-results>
